#
# There is insufficient memory for the Java Runtime Environment to continue.
# Native memory allocation (malloc) failed to allocate 32744 bytes for ChunkPool::allocate
# Possible reasons:
#   The system is out of physical RAM or swap space
#   In 32 bit mode, the process size limit was hit
# Possible solutions:
#   Reduce memory load on the system
#   Increase physical memory or swap space
#   Check if swap backing store is full
#   Use 64 bit Java on a 64 bit OS
#   Decrease Java heap size (-Xmx/-Xms)
#   Decrease number of Java threads
#   Decrease Java thread stack sizes (-Xss)
#   Set larger code cache with -XX:ReservedCodeCacheSize=
# This output file may be truncated or incomplete.
#
#  Out of Memory Error (allocation.cpp:273), pid=3076, tid=10044
#
# JRE version: Java(TM) SE Runtime Environment (8.0_40-b25) (build 1.8.0_40-b25)
# Java VM: Java HotSpot(TM) 64-Bit Server VM (25.40-b25 mixed mode windows-amd64 compressed oops)
# Failed to write core dump. Minidumps are not enabled by default on client versions of Windows
#

---------------  T H R E A D  ---------------

Current thread (0x0000000017a71000):  JavaThread "C2 CompilerThread0" daemon [_thread_in_native, id=10044, stack(0x0000000018fd0000,0x00000000190d0000)]

Stack: [0x0000000018fd0000,0x00000000190d0000]
Native frames: (J=compiled Java code, j=interpreted, Vv=VM code, C=native code)
V  [jvm.dll+0x32b47a]
V  [jvm.dll+0x2797f3]
V  [jvm.dll+0x27a489]
V  [jvm.dll+0x2717a5]
V  [jvm.dll+0xcb7c4]
V  [jvm.dll+0xcb9e7]
V  [jvm.dll+0xcbe6c]
V  [jvm.dll+0x5078ab]
V  [jvm.dll+0x45f6c6]
V  [jvm.dll+0x46a73b]
V  [jvm.dll+0x46cd52]
V  [jvm.dll+0x4500d2]
V  [jvm.dll+0xa4312]
V  [jvm.dll+0xa4c4f]
V  [jvm.dll+0x241914]
V  [jvm.dll+0x29848a]
C  [msvcr100.dll+0x21d9f]
C  [msvcr100.dll+0x21e3b]
C  [KERNEL32.DLL+0x16ad]
C  [ntdll.dll+0x15444]


Current CompileTask:
C2:   5221  876   !   4       java.io.ObjectOutputStream::writeObject0 (619 bytes)


---------------  P R O C E S S  ---------------

Java Threads: ( => current thread )
  0x0000000019537800 JavaThread "pool-1-thread-1 for channel / waiting for hudson.remoting.Channel@7daf6ecc:channel" [_thread_blocked, id=8636, stack(0x00000000199d0000,0x0000000019ad0000)]
  0x0000000019454800 JavaThread "Channel reader thread: channel" [_thread_in_native, id=8788, stack(0x00000000198d0000,0x00000000199d0000)]
  0x00000000191df800 JavaThread "Service Thread" daemon [_thread_blocked, id=1244, stack(0x00000000196d0000,0x00000000197d0000)]
  0x00000000191d2000 JavaThread "C1 CompilerThread2" daemon [_thread_blocked, id=10720, stack(0x00000000195d0000,0x00000000196d0000)]
  0x0000000017ac7000 JavaThread "C2 CompilerThread1" daemon [_thread_blocked, id=8964, stack(0x00000000190d0000,0x00000000191d0000)]
=>0x0000000017a71000 JavaThread "C2 CompilerThread0" daemon [_thread_in_native, id=10044, stack(0x0000000018fd0000,0x00000000190d0000)]
  0x0000000017a6f800 JavaThread "Attach Listener" daemon [_thread_blocked, id=1052, stack(0x0000000018ed0000,0x0000000018fd0000)]
  0x0000000017a6e000 JavaThread "Signal Dispatcher" daemon [_thread_blocked, id=9408, stack(0x0000000018dd0000,0x0000000018ed0000)]
  0x0000000003112800 JavaThread "Finalizer" daemon [_thread_blocked, id=6100, stack(0x0000000018cd0000,0x0000000018dd0000)]
  0x000000000310f000 JavaThread "Reference Handler" daemon [_thread_blocked, id=8336, stack(0x0000000018bd0000,0x0000000018cd0000)]
  0x0000000002f1e800 JavaThread "main" [_thread_blocked, id=6272, stack(0x0000000002f20000,0x0000000003020000)]

Other Threads:
  0x0000000017a37000 VMThread [stack: 0x0000000018ad0000,0x0000000018bd0000] [id=8516]
  0x00000000191e0800 WatcherThread [stack: 0x00000000197d0000,0x00000000198d0000] [id=1164]

VM state:not at safepoint (normal execution)

VM Mutex/Monitor currently owned by a thread: None

Heap:
 PSYoungGen      total 36864K, used 22104K [0x00000000d6f80000, 0x00000000d9880000, 0x0000000100000000)
  eden space 31744K, 69% used [0x00000000d6f80000,0x00000000d85162a8,0x00000000d8e80000)
  from space 5120K, 0% used [0x00000000d9380000,0x00000000d9380000,0x00000000d9880000)
  to   space 5120K, 0% used [0x00000000d8e80000,0x00000000d8e80000,0x00000000d9380000)
 ParOldGen       total 84992K, used 0K [0x0000000084e00000, 0x000000008a100000, 0x00000000d6f80000)
  object space 84992K, 0% used [0x0000000084e00000,0x0000000084e00000,0x000000008a100000)
 Metaspace       used 8107K, capacity 8592K, committed 8832K, reserved 1056768K
  class space    used 887K, capacity 1036K, committed 1152K, reserved 1048576K

Card table byte_map: [0x00000000124e0000,0x00000000128c0000] byte_map_base: 0x00000000120b9000

Marking Bits: (ParMarkBitMap*) 0x000000006a184040
 Begin Bits: [0x0000000012f60000, 0x0000000014e28000)
 End Bits:   [0x0000000014e28000, 0x0000000016cf0000)

Polling page: 0x0000000001330000

CodeCache: size=245760Kb used=3428Kb max_used=3440Kb free=242331Kb
 bounds [0x0000000003120000, 0x0000000003480000, 0x0000000012120000]
 total_blobs=1241 nmethods=938 adapters=216
 compilation: enabled

Compilation events (10 events):
Event: 4.919 Thread 0x00000000191d2000  935   !   3       sun.misc.URLClassPath$FileLoader::getResource (164 bytes)
Event: 4.921 Thread 0x0000000017ac7000  938       4       java.io.ObjectOutputStream$HandleTable::assign (52 bytes)
Event: 4.921 Thread 0x00000000191d2000 nmethod 935 0x0000000003479e10 code [0x000000000347a140, 0x000000000347b838]
Event: 4.921 Thread 0x00000000191d2000  936       3       org.codehaus.plexus.classworlds.realm.ClassRealm::findClass (9 bytes)
Event: 4.921 Thread 0x00000000191d2000 nmethod 936 0x000000000346f990 code [0x000000000346fb00, 0x000000000346fce8]
Event: 4.921 Thread 0x00000000191d2000  937       3       org.codehaus.plexus.classworlds.strategy.SelfFirstStrategy::loadClass (50 bytes)
Event: 4.922 Thread 0x00000000191d2000 nmethod 937 0x00000000034712d0 code [0x00000000034714c0, 0x0000000003471c18]
Event: 4.922 Thread 0x00000000191d2000  939       3       java.io.ObjectOutputStream$HandleTable::growSpine (67 bytes)
Event: 4.922 Thread 0x00000000191d2000 nmethod 939 0x0000000003470a90 code [0x0000000003470c20, 0x00000000034710a8]
Event: 4.924 Thread 0x0000000017ac7000 nmethod 938 0x000000000347e050 code [0x000000000347e1c0, 0x000000000347e488]

GC Heap History (0 events):
No events

Deoptimization events (10 events):
Event: 2.454 Thread 0x0000000019537800 Uncommon trap: reason=bimorphic action=maybe_recompile pc=0x00000000033278f4 method=java.util.HashMap.putVal(ILjava/lang/Object;Ljava/lang/Object;ZZ)Ljava/lang/Object; @ 91
Event: 2.476 Thread 0x0000000019537800 Uncommon trap: reason=bimorphic action=maybe_recompile pc=0x00000000033278f4 method=java.util.HashMap.putVal(ILjava/lang/Object;Ljava/lang/Object;ZZ)Ljava/lang/Object; @ 91
Event: 2.523 Thread 0x0000000019537800 Uncommon trap: reason=bimorphic action=maybe_recompile pc=0x00000000033278f4 method=java.util.HashMap.putVal(ILjava/lang/Object;Ljava/lang/Object;ZZ)Ljava/lang/Object; @ 91
Event: 2.528 Thread 0x0000000019537800 Uncommon trap: reason=bimorphic action=maybe_recompile pc=0x00000000032f6010 method=java.util.HashMap.putVal(ILjava/lang/Object;Ljava/lang/Object;ZZ)Ljava/lang/Object; @ 91
Event: 2.648 Thread 0x0000000019537800 Uncommon trap: reason=unstable_if action=reinterpret pc=0x00000000033b6a54 method=java.io.ObjectOutputStream$BlockDataOutputStream.writeBytes(Ljava/lang/String;)V @ 22
Event: 3.224 Thread 0x0000000019537800 Uncommon trap: reason=class_check action=maybe_recompile pc=0x00000000033bf728 method=java.util.HashMap.putVal(ILjava/lang/Object;Ljava/lang/Object;ZZ)Ljava/lang/Object; @ 203
Event: 3.224 Thread 0x0000000019537800 Uncommon trap: reason=class_check action=maybe_recompile pc=0x00000000033bf728 method=java.util.HashMap.putVal(ILjava/lang/Object;Ljava/lang/Object;ZZ)Ljava/lang/Object; @ 203
Event: 3.595 Thread 0x0000000019537800 Uncommon trap: reason=class_check action=maybe_recompile pc=0x00000000033bf728 method=java.util.HashMap.putVal(ILjava/lang/Object;Ljava/lang/Object;ZZ)Ljava/lang/Object; @ 203
Event: 4.636 Thread 0x0000000019537800 Uncommon trap: reason=class_check action=maybe_recompile pc=0x00000000033bf728 method=java.util.HashMap.putVal(ILjava/lang/Object;Ljava/lang/Object;ZZ)Ljava/lang/Object; @ 203
Event: 4.689 Thread 0x0000000019537800 Uncommon trap: reason=class_check action=maybe_recompile pc=0x00000000033be064 method=java.util.HashMap.putVal(ILjava/lang/Object;Ljava/lang/Object;ZZ)Ljava/lang/Object; @ 203

Internal exceptions (10 events):
Event: 0.806 Thread 0x0000000002f1e800 Exception <a 'java/security/PrivilegedActionException'> (0x00000000d71a6f40) thrown at [D:\re\workspace\8-2-build-windows-amd64-cygwin\jdk8u40\2855\hotspot\src\share\vm\prims\jvm.cpp, line 1382]
Event: 0.806 Thread 0x0000000002f1e800 Exception <a 'java/security/PrivilegedActionException'> (0x00000000d71a70f8) thrown at [D:\re\workspace\8-2-build-windows-amd64-cygwin\jdk8u40\2855\hotspot\src\share\vm\prims\jvm.cpp, line 1382]
Event: 0.808 Thread 0x0000000002f1e800 Exception <a 'java/security/PrivilegedActionException'> (0x00000000d71aae90) thrown at [D:\re\workspace\8-2-build-windows-amd64-cygwin\jdk8u40\2855\hotspot\src\share\vm\prims\jvm.cpp, line 1382]
Event: 0.808 Thread 0x0000000002f1e800 Exception <a 'java/security/PrivilegedActionException'> (0x00000000d71ab048) thrown at [D:\re\workspace\8-2-build-windows-amd64-cygwin\jdk8u40\2855\hotspot\src\share\vm\prims\jvm.cpp, line 1382]
Event: 1.919 Thread 0x0000000019537800 Exception <a 'java/lang/NoSuchMethodError': <clinit>> (0x00000000d7a7c3c8) thrown at [D:\re\workspace\8-2-build-windows-amd64-cygwin\jdk8u40\2855\hotspot\src\share\vm\prims\jni.cpp, line 1598]
Event: 1.922 Thread 0x0000000019537800 Exception <a 'java/lang/NoSuchMethodError': <clinit>> (0x00000000d7a8c1a8) thrown at [D:\re\workspace\8-2-build-windows-amd64-cygwin\jdk8u40\2855\hotspot\src\share\vm\prims\jni.cpp, line 1598]
Event: 1.923 Thread 0x0000000019537800 Exception <a 'java/lang/NoSuchMethodError': <clinit>> (0x00000000d7a8cc40) thrown at [D:\re\workspace\8-2-build-windows-amd64-cygwin\jdk8u40\2855\hotspot\src\share\vm\prims\jni.cpp, line 1598]
Event: 2.326 Thread 0x0000000019537800 Exception <a 'java/lang/NoSuchMethodError': <clinit>> (0x00000000d7ade0a8) thrown at [D:\re\workspace\8-2-build-windows-amd64-cygwin\jdk8u40\2855\hotspot\src\share\vm\prims\jni.cpp, line 1598]
Event: 3.572 Thread 0x0000000019537800 Exception <a 'java/lang/NoSuchMethodError': <clinit>> (0x00000000d7ef8480) thrown at [D:\re\workspace\8-2-build-windows-amd64-cygwin\jdk8u40\2855\hotspot\src\share\vm\prims\jni.cpp, line 1598]
Event: 4.715 Thread 0x0000000019537800 Exception <a 'java/io/FileNotFoundException'> (0x00000000d82ce7d0) thrown at [D:\re\workspace\8-2-build-windows-amd64-cygwin\jdk8u40\2855\hotspot\src\share\vm\prims\jni.cpp, line 709]

Events (10 events):
Event: 4.887 loading class hudson/model/Queue$Executable
Event: 4.887 loading class hudson/model/Queue$Executable done
Event: 4.904 loading class jenkins/model/lazy/LazyBuildMixIn$LazyLoadingRun
Event: 4.904 loading class jenkins/model/lazy/LazyBuildMixIn$LazyLoadingRun done
Event: 4.904 loading class jenkins/model/lazy/LazyBuildMixIn$LazyLoadingRun
Event: 4.904 loading class jenkins/model/lazy/LazyBuildMixIn$LazyLoadingRun done
Event: 4.919 loading class hudson/model/Run
Event: 4.919 loading class hudson/model/Run done
Event: 4.920 loading class hudson/model/Run
Event: 4.920 loading class hudson/model/Run done


Dynamic libraries:
0x00007ff6b5760000 - 0x00007ff6b5797000 	C:\Program Files\Java\jdk1.8.0_40\bin\java.exe
0x00007ffacb920000 - 0x00007ffacbacc000 	C:\WINDOWS\SYSTEM32\ntdll.dll
0x00007ffac9b10000 - 0x00007ffac9c4a000 	C:\WINDOWS\system32\KERNEL32.DLL
0x00007ffac8f60000 - 0x00007ffac906f000 	C:\WINDOWS\system32\KERNELBASE.dll
0x00007ffac6e50000 - 0x00007ffac6ed8000 	C:\WINDOWS\system32\apphelp.dll
0x00007ffab2a30000 - 0x00007ffab2a7f000 	C:\WINDOWS\AppPatch\AppPatch64\AcGenral.DLL
0x00007ffac99e0000 - 0x00007ffac9a87000 	C:\WINDOWS\system32\msvcrt.dll
0x00007ffac8a10000 - 0x00007ffac8a3b000 	C:\WINDOWS\SYSTEM32\SspiCli.dll
0x00007ffac9c50000 - 0x00007ffac9ca1000 	C:\WINDOWS\system32\SHLWAPI.dll
0x00007ffaca030000 - 0x00007ffaca1a1000 	C:\WINDOWS\system32\USER32.dll
0x00007ffac9230000 - 0x00007ffac93a8000 	C:\WINDOWS\system32\ole32.dll
0x00007ffaca2f0000 - 0x00007ffacb808000 	C:\WINDOWS\system32\SHELL32.dll
0x00007ffac81d0000 - 0x00007ffac81ee000 	C:\WINDOWS\SYSTEM32\USERENV.dll
0x00007ffac94e0000 - 0x00007ffac9585000 	C:\WINDOWS\system32\ADVAPI32.dll
0x00007ffab56a0000 - 0x00007ffab56bb000 	C:\WINDOWS\SYSTEM32\MPR.dll
0x00007ffaca1b0000 - 0x00007ffaca2e7000 	C:\WINDOWS\system32\RPCRT4.dll
0x00007ffac9ab0000 - 0x00007ffac9b09000 	C:\WINDOWS\SYSTEM32\sechost.dll
0x00007ffac9e50000 - 0x00007ffaca026000 	C:\WINDOWS\SYSTEM32\combase.dll
0x00007ffac90d0000 - 0x00007ffac9214000 	C:\WINDOWS\system32\GDI32.dll
0x00007ffac8b60000 - 0x00007ffac8b74000 	C:\WINDOWS\SYSTEM32\profapi.dll
0x00007ffac74d0000 - 0x00007ffac756f000 	C:\WINDOWS\SYSTEM32\SHCORE.dll
0x00007ffac94a0000 - 0x00007ffac94d4000 	C:\WINDOWS\system32\IMM32.DLL
0x00007ffac9770000 - 0x00007ffac98c2000 	C:\WINDOWS\system32\MSCTF.dll
0x000000006d120000 - 0x000000006d136000 	C:\WINDOWS\SYSTEM32\PGPmapih.dll
0x00007ffac7080000 - 0x00007ffac72fa000 	C:\WINDOWS\WinSxS\amd64_microsoft.windows.common-controls_6595b64144ccf1df_6.0.9600.17810_none_6240b9c7ecbd0bda\COMCTL32.dll
0x00007ffab13f0000 - 0x00007ffab1496000 	C:\Program Files\McAfee\Host Intrusion Prevention\HcApi.dll
0x000000006c4d0000 - 0x000000006c4db000 	C:\Program Files\McAfee\Host Intrusion Prevention\HcThe.dll
0x000000006ac20000 - 0x000000006acf2000 	C:\Program Files\Java\jdk1.8.0_40\jre\bin\msvcr100.dll
0x0000000069980000 - 0x000000006a203000 	C:\Program Files\Java\jdk1.8.0_40\jre\bin\server\jvm.dll
0x00007ffac1510000 - 0x00007ffac1519000 	C:\WINDOWS\SYSTEM32\WSOCK32.dll
0x00007ffab5680000 - 0x00007ffab569f000 	C:\WINDOWS\SYSTEM32\WINMM.dll
0x00007ffac1790000 - 0x00007ffac179a000 	C:\WINDOWS\SYSTEM32\VERSION.dll
0x00007ffac9480000 - 0x00007ffac9487000 	C:\WINDOWS\system32\PSAPI.DLL
0x00007ffac9980000 - 0x00007ffac99d8000 	C:\WINDOWS\system32\WS2_32.dll
0x00007ffab5640000 - 0x00007ffab566a000 	C:\WINDOWS\SYSTEM32\WINMMBASE.dll
0x00007ffac9490000 - 0x00007ffac9499000 	C:\WINDOWS\system32\NSI.dll
0x00007ffac8d30000 - 0x00007ffac8d7a000 	C:\WINDOWS\SYSTEM32\cfgmgr32.dll
0x00007ffac79e0000 - 0x00007ffac7a06000 	C:\WINDOWS\SYSTEM32\DEVOBJ.dll
0x000000006bd10000 - 0x000000006bd1f000 	C:\Program Files\Java\jdk1.8.0_40\jre\bin\verify.dll
0x000000006b890000 - 0x000000006b8b9000 	C:\Program Files\Java\jdk1.8.0_40\jre\bin\java.dll
0x000000006bcf0000 - 0x000000006bd06000 	C:\Program Files\Java\jdk1.8.0_40\jre\bin\zip.dll
0x000000006adc0000 - 0x000000006adda000 	C:\Program Files\Java\jdk1.8.0_40\jre\bin\net.dll
0x00007ffac8470000 - 0x00007ffac84c8000 	C:\WINDOWS\system32\mswsock.dll
0x00000000697e0000 - 0x0000000069978000 	C:\Program Files\Java\jdk1.8.0_40\jre\bin\awt.dll
0x00007ffac93b0000 - 0x00007ffac9471000 	C:\WINDOWS\system32\OLEAUT32.dll
0x00007ffabcbe0000 - 0x00007ffabcd68000 	C:\WINDOWS\SYSTEM32\dbghelp.dll

VM Arguments:
java_command: jenkins.maven3.agent.Maven32Main C:\apache-maven-3.2.5 C:\Users\I310911\perforce\testWRKSPC\testPlugin\viewer\target\work\webapp\WEB-INF\lib\remoting-2.47.jar C:\Users\I310911\perforce\testWRKSPC\testPlugin\viewer\.\work\plugins\maven-plugin\WEB-INF\lib\maven32-interceptor-1.6.jar C:\Users\I310911\perforce\testWRKSPC\testPlugin\viewer\.\work\plugins\maven-plugin\WEB-INF\lib\maven3-interceptor-commons-1.6.jar 18588
java_class_path (initial): C:\Users\I310911\perforce\testWRKSPC\testPlugin\viewer\.\work\plugins\maven-plugin\WEB-INF\lib\maven32-agent-1.6.jar;C:\apache-maven-3.2.5\boot\plexus-classworlds-2.5.2.jar;C:\apache-maven-3.2.5/conf/logging
Launcher Type: SUN_STANDARD

Environment Variables:
JAVA_HOME=C:\Program Files\Java\jdk1.8.0_40
PATH=C:\apache-maven-3.2.5/bin;C:\Program Files\Java\jdk1.8.0_40/bin;C:\Program Files\Java\jdk1.8.0_40/bin;C:\ProgramData\Oracle\Java\javapath;C:\Program Files\Java\jdk1.8.0_40\bin;C:\WINDOWS\system32;C:\WINDOWS;C:\WINDOWS\System32\Wbem;C:\WINDOWS\System32\WindowsPowerShell\v1.0\;C:\Windows\CCM;C:\Program Files\Perforce;C:\Strawberry\c\bin;C:\Strawberry\perl\site\bin;C:\Strawberry\perl\bin;C:\apache-maven-3.2.5\bin;C:\WINDOWS\System32\WindowsPowerShell\v1.0;C:\WINDOWS\System32\WindowsPowerShell\v1.0;C:\WINDOWS\System32\WindowsPowerShell\v1.0;C:\WINDOWS\System32\WindowsPowerShell\v1.0;C:\Program Files\Microsoft SQL Server\110\Tools\Binn\;C:\Program Files\Microsoft SQL Server\120\Tools\Binn\;C:\Program Files (x86)\Windows Kits\8.1\Windows Performance Toolkit\;C:\Program Files (x86)\Microsoft SDKs\TypeScript\1.0\;C:\Program Files\TortoiseSVN\bin;C:\Program Files (x86)\VisualSVN\bin;C:\Program Files (x86)\Git\cmd;C:\Program Files (x86)\OpenSSH\bin;C:\WINDOWS\System32\WindowsPowerShell\v1.0;C:\Program Files (x86)\Skype\Phone\
USERNAME=I310911
OS=Windows_NT
PROCESSOR_IDENTIFIER=Intel64 Family 6 Model 60 Stepping 3, GenuineIntel



---------------  S Y S T E M  ---------------

OS: Windows 8.1 , 64 bit Build 9600 (6.3.9600.17056)

CPU:total 4 (2 cores per cpu, 2 threads per core) family 6 model 60 stepping 3, cmov, cx8, fxsr, mmx, sse, sse2, sse3, ssse3, sse4.1, sse4.2, popcnt, avx, avx2, aes, clmul, erms, lzcnt, ht, tsc, tscinvbit, bmi1, bmi2

Memory: 4k page, physical 8065956k(418512k free), swap 11211684k(7224k free)

vm_info: Java HotSpot(TM) 64-Bit Server VM (25.40-b25) for windows-amd64 JRE (1.8.0_40-b25), built on Feb 10 2015 21:53:57 by "java_re" with MS VC++ 10.0 (VS2010)

time: Wed Jul 01 16:47:13 2015
elapsed time: 5 seconds (0d 0h 0m 5s)

