#
# There is insufficient memory for the Java Runtime Environment to continue.
# Native memory allocation (malloc) failed to allocate 262160 bytes for Chunk::new
# Possible reasons:
#   The system is out of physical RAM or swap space
#   In 32 bit mode, the process size limit was hit
# Possible solutions:
#   Reduce memory load on the system
#   Increase physical memory or swap space
#   Check if swap backing store is full
#   Use 64 bit Java on a 64 bit OS
#   Decrease Java heap size (-Xmx/-Xms)
#   Decrease number of Java threads
#   Decrease Java thread stack sizes (-Xss)
#   Set larger code cache with -XX:ReservedCodeCacheSize=
# This output file may be truncated or incomplete.
#
#  Out of Memory Error (allocation.cpp:390), pid=7768, tid=7940
#
# JRE version: Java(TM) SE Runtime Environment (8.0_40-b25) (build 1.8.0_40-b25)
# Java VM: Java HotSpot(TM) 64-Bit Server VM (25.40-b25 mixed mode windows-amd64 compressed oops)
# Failed to write core dump. Minidumps are not enabled by default on client versions of Windows
#

---------------  T H R E A D  ---------------

Current thread (0x0000000017abd000):  JavaThread "C2 CompilerThread0" daemon [_thread_in_native, id=7940, stack(0x0000000019010000,0x0000000019110000)]

Stack: [0x0000000019010000,0x0000000019110000]
Native frames: (J=compiled Java code, j=interpreted, Vv=VM code, C=native code)
V  [jvm.dll+0x32b47a]


Current CompileTask:
C2:   2248 1724       4       java.net.URLClassLoader$1::run (5 bytes)


---------------  P R O C E S S  ---------------

Java Threads: ( => current thread )
  0x000000001961f000 JavaThread "pool-1-thread-1 for channel" [_thread_in_vm, id=7444, stack(0x0000000019a10000,0x0000000019b10000)]
  0x0000000019624000 JavaThread "Channel reader thread: channel" [_thread_in_native, id=10772, stack(0x0000000019910000,0x0000000019a10000)]
  0x000000001933a800 JavaThread "Service Thread" daemon [_thread_blocked, id=1228, stack(0x0000000019710000,0x0000000019810000)]
  0x0000000017ab6000 JavaThread "C1 CompilerThread2" daemon [_thread_blocked, id=148, stack(0x0000000019210000,0x0000000019310000)]
  0x0000000017ab0000 JavaThread "C2 CompilerThread1" daemon [_thread_blocked, id=1536, stack(0x0000000019110000,0x0000000019210000)]
=>0x0000000017abd000 JavaThread "C2 CompilerThread0" daemon [_thread_in_native, id=7940, stack(0x0000000019010000,0x0000000019110000)]
  0x0000000017abb800 JavaThread "Attach Listener" daemon [_thread_blocked, id=10580, stack(0x0000000018f10000,0x0000000019010000)]
  0x0000000017aba000 JavaThread "Signal Dispatcher" daemon [_thread_blocked, id=7820, stack(0x0000000018e10000,0x0000000018f10000)]
  0x0000000003068000 JavaThread "Finalizer" daemon [_thread_blocked, id=10876, stack(0x0000000018d10000,0x0000000018e10000)]
  0x000000000305f800 JavaThread "Reference Handler" daemon [_thread_blocked, id=6940, stack(0x0000000018c10000,0x0000000018d10000)]
  0x00000000012fe800 JavaThread "main" [_thread_blocked, id=3732, stack(0x0000000002e60000,0x0000000002f60000)]

Other Threads:
  0x0000000017a78000 VMThread [stack: 0x0000000018b10000,0x0000000018c10000] [id=11220]
  0x000000001933b000 WatcherThread [stack: 0x0000000019810000,0x0000000019910000] [id=10596]

VM state:at safepoint (normal execution)

VM Mutex/Monitor currently owned by a thread:  ([mutex/lock_event])
[0x00000000012fd590] Threads_lock - owner thread: 0x0000000017a78000
[0x00000000012fe110] Heap_lock - owner thread: 0x000000001961f000

Heap:
 PSYoungGen      total 36864K, used 36836K [0x00000000d6f80000, 0x00000000db780000, 0x0000000100000000)
  eden space 31744K, 100% used [0x00000000d6f80000,0x00000000d8e80000,0x00000000d8e80000)
  from space 5120K, 99% used [0x00000000d9380000,0x00000000d98793c8,0x00000000d9880000)
  to   space 5120K, 54% used [0x00000000d8e80000,0x00000000d9134040,0x00000000d9380000)
 ParOldGen       total 84992K, used 2409K [0x0000000084e00000, 0x000000008a100000, 0x00000000d6f80000)
  object space 84992K, 2% used [0x0000000084e00000,0x000000008505a488,0x000000008a100000)
 Metaspace       used 15614K, capacity 16300K, committed 16512K, reserved 1062912K
  class space    used 1931K, capacity 2164K, committed 2176K, reserved 1048576K

Card table byte_map: [0x0000000012520000,0x0000000012900000] byte_map_base: 0x00000000120f9000

Marking Bits: (ParMarkBitMap*) 0x000000005edf4040
 Begin Bits: [0x0000000012fa0000, 0x0000000014e68000)
 End Bits:   [0x0000000014e68000, 0x0000000016d30000)

Polling page: 0x0000000001310000

CodeCache: size=245760Kb used=6124Kb max_used=6124Kb free=239635Kb
 bounds [0x0000000003160000, 0x0000000003760000, 0x0000000012160000]
 total_blobs=2118 nmethods=1784 adapters=246
 compilation: enabled

Compilation events (10 events):
Event: 2.242 Thread 0x0000000017ab6000 nmethod 1776 0x0000000003758f90 code [0x00000000037590e0, 0x00000000037591d0]
Event: 2.242 Thread 0x0000000017ab6000 1777       1       com.google.inject.internal.Initializer::access$200 (5 bytes)
Event: 2.242 Thread 0x0000000017ab6000 nmethod 1777 0x0000000003759250 code [0x00000000037593a0, 0x0000000003759490]
Event: 2.242 Thread 0x0000000017ab6000 1778       1       com.google.inject.internal.Initializer::access$300 (5 bytes)
Event: 2.242 Thread 0x0000000017ab6000 nmethod 1778 0x0000000003759510 code [0x0000000003759660, 0x0000000003759750]
Event: 2.242 Thread 0x0000000017ab6000 1779       1       com.google.inject.internal.Initializer::access$400 (5 bytes)
Event: 2.242 Thread 0x0000000017ab6000 nmethod 1779 0x00000000037597d0 code [0x0000000003759920, 0x0000000003759a10]
Event: 2.242 Thread 0x0000000017ab6000 1775       1       com.google.inject.internal.BindingImpl::getInternalFactory (5 bytes)
Event: 2.242 Thread 0x0000000017ab6000 nmethod 1775 0x0000000003759a90 code [0x0000000003759be0, 0x0000000003759cf0]
Event: 2.242 Thread 0x0000000017ab6000 1780       3       java.util.IdentityHashMap::remove (102 bytes)

GC Heap History (4 events):
Event: 1.284 GC heap before
{Heap before GC invocations=1 (full 0):
 PSYoungGen      total 36864K, used 31744K [0x00000000d6f80000, 0x00000000d9880000, 0x0000000100000000)
  eden space 31744K, 100% used [0x00000000d6f80000,0x00000000d8e80000,0x00000000d8e80000)
  from space 5120K, 0% used [0x00000000d9380000,0x00000000d9380000,0x00000000d9880000)
  to   space 5120K, 0% used [0x00000000d8e80000,0x00000000d8e80000,0x00000000d9380000)
 ParOldGen       total 84992K, used 0K [0x0000000084e00000, 0x000000008a100000, 0x00000000d6f80000)
  object space 84992K, 0% used [0x0000000084e00000,0x0000000084e00000,0x000000008a100000)
 Metaspace       used 9023K, capacity 9594K, committed 9728K, reserved 1058816K
  class space    used 1000K, capacity 1191K, committed 1280K, reserved 1048576K
Event: 1.293 GC heap after
Heap after GC invocations=1 (full 0):
 PSYoungGen      total 36864K, used 5114K [0x00000000d6f80000, 0x00000000d9880000, 0x0000000100000000)
  eden space 31744K, 0% used [0x00000000d6f80000,0x00000000d6f80000,0x00000000d8e80000)
  from space 5120K, 99% used [0x00000000d8e80000,0x00000000d937ea38,0x00000000d9380000)
  to   space 5120K, 0% used [0x00000000d9380000,0x00000000d9380000,0x00000000d9880000)
 ParOldGen       total 84992K, used 289K [0x0000000084e00000, 0x000000008a100000, 0x00000000d6f80000)
  object space 84992K, 0% used [0x0000000084e00000,0x0000000084e48440,0x000000008a100000)
 Metaspace       used 9023K, capacity 9594K, committed 9728K, reserved 1058816K
  class space    used 1000K, capacity 1191K, committed 1280K, reserved 1048576K
}
Event: 1.834 GC heap before
{Heap before GC invocations=2 (full 0):
 PSYoungGen      total 36864K, used 36848K [0x00000000d6f80000, 0x00000000d9880000, 0x0000000100000000)
  eden space 31744K, 99% used [0x00000000d6f80000,0x00000000d8e7d828,0x00000000d8e80000)
  from space 5120K, 99% used [0x00000000d8e80000,0x00000000d937ea38,0x00000000d9380000)
  to   space 5120K, 0% used [0x00000000d9380000,0x00000000d9380000,0x00000000d9880000)
 ParOldGen       total 84992K, used 289K [0x0000000084e00000, 0x000000008a100000, 0x00000000d6f80000)
  object space 84992K, 0% used [0x0000000084e00000,0x0000000084e48440,0x000000008a100000)
 Metaspace       used 11936K, capacity 12550K, committed 12672K, reserved 1060864K
  class space    used 1431K, capacity 1641K, committed 1664K, reserved 1048576K
Event: 1.843 GC heap after
Heap after GC invocations=2 (full 0):
 PSYoungGen      total 36864K, used 5092K [0x00000000d6f80000, 0x00000000db780000, 0x0000000100000000)
  eden space 31744K, 0% used [0x00000000d6f80000,0x00000000d6f80000,0x00000000d8e80000)
  from space 5120K, 99% used [0x00000000d9380000,0x00000000d98793c8,0x00000000d9880000)
  to   space 5120K, 0% used [0x00000000d8e80000,0x00000000d8e80000,0x00000000d9380000)
 ParOldGen       total 84992K, used 2409K [0x0000000084e00000, 0x000000008a100000, 0x00000000d6f80000)
  object space 84992K, 2% used [0x0000000084e00000,0x000000008505a488,0x000000008a100000)
 Metaspace       used 11936K, capacity 12550K, committed 12672K, reserved 1060864K
  class space    used 1431K, capacity 1641K, committed 1664K, reserved 1048576K
}

Deoptimization events (10 events):
Event: 1.266 Thread 0x000000001961f000 Uncommon trap: reason=class_check action=maybe_recompile pc=0x000000000349e44c method=java.util.HashMap.putVal(ILjava/lang/Object;Ljava/lang/Object;ZZ)Ljava/lang/Object; @ 253
Event: 1.293 Thread 0x0000000003068000 Uncommon trap: reason=unstable_if action=reinterpret pc=0x00000000034b6f5c method=java.lang.ref.SoftReference.get()Ljava/lang/Object; @ 17
Event: 1.294 Thread 0x0000000003068000 Uncommon trap: reason=unstable_if action=reinterpret pc=0x00000000033e7d18 method=java.lang.ref.SoftReference.get()Ljava/lang/Object; @ 17
Event: 1.583 Thread 0x000000001961f000 Uncommon trap: reason=class_check action=maybe_recompile pc=0x000000000349e44c method=java.util.HashMap.putVal(ILjava/lang/Object;Ljava/lang/Object;ZZ)Ljava/lang/Object; @ 253
Event: 1.600 Thread 0x000000001961f000 Uncommon trap: reason=class_check action=maybe_recompile pc=0x00000000034a8cb0 method=java.util.regex.Pattern$BmpCharProperty.match(Ljava/util/regex/Matcher;ILjava/lang/CharSequence;)Z @ 11
Event: 1.600 Thread 0x000000001961f000 Uncommon trap: reason=class_check action=maybe_recompile pc=0x00000000034a8cb0 method=java.util.regex.Pattern$BmpCharProperty.match(Ljava/util/regex/Matcher;ILjava/lang/CharSequence;)Z @ 11
Event: 1.600 Thread 0x000000001961f000 Uncommon trap: reason=class_check action=maybe_recompile pc=0x00000000034a8cb0 method=java.util.regex.Pattern$BmpCharProperty.match(Ljava/util/regex/Matcher;ILjava/lang/CharSequence;)Z @ 11
Event: 1.600 Thread 0x000000001961f000 Uncommon trap: reason=class_check action=maybe_recompile pc=0x00000000034a8cb0 method=java.util.regex.Pattern$BmpCharProperty.match(Ljava/util/regex/Matcher;ILjava/lang/CharSequence;)Z @ 11
Event: 1.742 Thread 0x000000001961f000 Uncommon trap: reason=unstable_if action=reinterpret pc=0x00000000035e7db8 method=org.codehaus.plexus.util.xml.pull.MXParser.nextImpl()I @ 1046
Event: 1.831 Thread 0x000000001961f000 Uncommon trap: reason=range_check action=make_not_entrant pc=0x0000000003633660 method=sun.reflect.generics.parser.SignatureParser.current()C @ 34

Internal exceptions (10 events):
Event: 1.861 Thread 0x000000001961f000 Exception <a 'java/lang/ArrayIndexOutOfBoundsException'> (0x00000000d7074fc0) thrown at [D:\re\workspace\8-2-build-windows-amd64-cygwin\jdk8u40\2855\hotspot\src\share\vm\runtime\sharedRuntime.cpp, line 605]
Event: 1.861 Thread 0x000000001961f000 Exception <a 'java/lang/ArrayIndexOutOfBoundsException'> (0x00000000d7076a20) thrown at [D:\re\workspace\8-2-build-windows-amd64-cygwin\jdk8u40\2855\hotspot\src\share\vm\runtime\sharedRuntime.cpp, line 605]
Event: 1.861 Thread 0x000000001961f000 Exception <a 'java/lang/ArrayIndexOutOfBoundsException'> (0x00000000d70778d8) thrown at [D:\re\workspace\8-2-build-windows-amd64-cygwin\jdk8u40\2855\hotspot\src\share\vm\runtime\sharedRuntime.cpp, line 605]
Event: 1.861 Thread 0x000000001961f000 Exception <a 'java/lang/ArrayIndexOutOfBoundsException'> (0x00000000d7079028) thrown at [D:\re\workspace\8-2-build-windows-amd64-cygwin\jdk8u40\2855\hotspot\src\share\vm\runtime\sharedRuntime.cpp, line 605]
Event: 1.861 Thread 0x000000001961f000 Exception <a 'java/lang/ArrayIndexOutOfBoundsException'> (0x00000000d707ae20) thrown at [D:\re\workspace\8-2-build-windows-amd64-cygwin\jdk8u40\2855\hotspot\src\share\vm\runtime\sharedRuntime.cpp, line 605]
Event: 1.862 Thread 0x000000001961f000 Exception <a 'java/lang/ArrayIndexOutOfBoundsException'> (0x00000000d707c688) thrown at [D:\re\workspace\8-2-build-windows-amd64-cygwin\jdk8u40\2855\hotspot\src\share\vm\runtime\sharedRuntime.cpp, line 605]
Event: 1.862 Thread 0x000000001961f000 Exception <a 'java/lang/ArrayIndexOutOfBoundsException'> (0x00000000d707dd40) thrown at [D:\re\workspace\8-2-build-windows-amd64-cygwin\jdk8u40\2855\hotspot\src\share\vm\runtime\sharedRuntime.cpp, line 605]
Event: 1.862 Thread 0x000000001961f000 Exception <a 'java/lang/ArrayIndexOutOfBoundsException'> (0x00000000d707ec98) thrown at [D:\re\workspace\8-2-build-windows-amd64-cygwin\jdk8u40\2855\hotspot\src\share\vm\runtime\sharedRuntime.cpp, line 605]
Event: 1.876 Thread 0x000000001961f000 Exception <a 'java/lang/NoClassDefFoundError': com/google/inject/servlet/ServletModuleTargetVisitor> (0x00000000d726d058) thrown at [D:\re\workspace\8-2-build-windows-amd64-cygwin\jdk8u40\2855\hotspot\src\share\vm\classfile\systemDictionary.cpp, line 199]
Event: 1.876 Thread 0x000000001961f000 Exception <a 'java/lang/NoClassDefFoundError'> (0x00000000d726d058) thrown at [D:\re\workspace\8-2-build-windows-amd64-cygwin\jdk8u40\2855\hotspot\src\share\vm\prims\jvm.cpp, line 1386]

Events (10 events):
Event: 2.240 loading class org/eclipse/sisu/inject/MildValues$1
Event: 2.240 loading class org/eclipse/sisu/inject/MildValues$1 done
Event: 2.241 loading class org/eclipse/sisu/inject/MildValues$ValueItr
Event: 2.241 loading class org/eclipse/sisu/inject/MildValues$ValueItr done
Event: 2.241 loading class java/util/concurrent/ConcurrentHashMap$ValueIterator
Event: 2.241 loading class java/util/concurrent/ConcurrentHashMap$ValueIterator done
Event: 2.242 loading class com/google/inject/internal/ConstructorInjector$1
Event: 2.242 loading class com/google/inject/internal/ConstructorInjector$1 done
Event: 2.242 loading class com/google/common/collect/Iterables
Event: 2.242 loading class com/google/common/collect/Iterables done


Dynamic libraries:
0x00007ff7727c0000 - 0x00007ff7727f7000 	C:\Program Files\Java\jdk1.8.0_40\bin\java.exe
0x00007ff9f0550000 - 0x00007ff9f06fc000 	C:\WINDOWS\SYSTEM32\ntdll.dll
0x00007ff9eed20000 - 0x00007ff9eee5a000 	C:\WINDOWS\system32\KERNEL32.DLL
0x00007ff9ed860000 - 0x00007ff9ed96f000 	C:\WINDOWS\system32\KERNELBASE.dll
0x00007ff9ebc20000 - 0x00007ff9ebca8000 	C:\WINDOWS\system32\apphelp.dll
0x00007ff9da910000 - 0x00007ff9da95f000 	C:\WINDOWS\AppPatch\AppPatch64\AcGenral.DLL
0x00007ff9ee040000 - 0x00007ff9ee0e7000 	C:\WINDOWS\system32\msvcrt.dll
0x00007ff9ed5d0000 - 0x00007ff9ed5fb000 	C:\WINDOWS\SYSTEM32\SspiCli.dll
0x00007ff9eea10000 - 0x00007ff9eea61000 	C:\WINDOWS\system32\SHLWAPI.dll
0x00007ff9ee7f0000 - 0x00007ff9ee961000 	C:\WINDOWS\system32\USER32.dll
0x00007ff9eeba0000 - 0x00007ff9eed18000 	C:\WINDOWS\system32\ole32.dll
0x00007ff9eee70000 - 0x00007ff9f0388000 	C:\WINDOWS\system32\SHELL32.dll
0x00007ff9ed1b0000 - 0x00007ff9ed1ce000 	C:\WINDOWS\SYSTEM32\USERENV.dll
0x00007ff9edca0000 - 0x00007ff9edd45000 	C:\WINDOWS\system32\ADVAPI32.dll
0x00007ff9dc230000 - 0x00007ff9dc24b000 	C:\WINDOWS\SYSTEM32\MPR.dll
0x00007ff9ee160000 - 0x00007ff9ee297000 	C:\WINDOWS\system32\RPCRT4.dll
0x00007ff9f0390000 - 0x00007ff9f03e9000 	C:\WINDOWS\SYSTEM32\sechost.dll
0x00007ff9ee2a0000 - 0x00007ff9ee476000 	C:\WINDOWS\SYSTEM32\combase.dll
0x00007ff9ee620000 - 0x00007ff9ee764000 	C:\WINDOWS\system32\GDI32.dll
0x00007ff9ed790000 - 0x00007ff9ed7a4000 	C:\WINDOWS\SYSTEM32\profapi.dll
0x00007ff9ec100000 - 0x00007ff9ec19f000 	C:\WINDOWS\SYSTEM32\SHCORE.dll
0x00007ff9ede10000 - 0x00007ff9ede44000 	C:\WINDOWS\system32\IMM32.DLL
0x00007ff9f03f0000 - 0x00007ff9f0542000 	C:\WINDOWS\system32\MSCTF.dll
0x0000000062720000 - 0x0000000062736000 	C:\WINDOWS\SYSTEM32\PGPmapih.dll
0x00007ff9ebcb0000 - 0x00007ff9ebf2a000 	C:\WINDOWS\WinSxS\amd64_microsoft.windows.common-controls_6595b64144ccf1df_6.0.9600.17810_none_6240b9c7ecbd0bda\COMCTL32.dll
0x00007ff9d0fd0000 - 0x00007ff9d1076000 	C:\Program Files\McAfee\Host Intrusion Prevention\HcApi.dll
0x0000000061920000 - 0x000000006192b000 	C:\Program Files\McAfee\Host Intrusion Prevention\HcThe.dll
0x000000005fd30000 - 0x000000005fe02000 	C:\Program Files\Java\jdk1.8.0_40\jre\bin\msvcr100.dll
0x000000005e5f0000 - 0x000000005ee73000 	C:\Program Files\Java\jdk1.8.0_40\jre\bin\server\jvm.dll
0x00007ff9e6020000 - 0x00007ff9e6029000 	C:\WINDOWS\SYSTEM32\WSOCK32.dll
0x00007ff9e93f0000 - 0x00007ff9e940f000 	C:\WINDOWS\SYSTEM32\WINMM.dll
0x00007ff9e62a0000 - 0x00007ff9e62aa000 	C:\WINDOWS\SYSTEM32\VERSION.dll
0x0000000001300000 - 0x0000000001307000 	C:\WINDOWS\system32\PSAPI.DLL
0x00007ff9ee0f0000 - 0x00007ff9ee148000 	C:\WINDOWS\system32\WS2_32.dll
0x00007ff9e8da0000 - 0x00007ff9e8dca000 	C:\WINDOWS\SYSTEM32\WINMMBASE.dll
0x00007ff9ede00000 - 0x00007ff9ede09000 	C:\WINDOWS\system32\NSI.dll
0x00007ff9eda70000 - 0x00007ff9edaba000 	C:\WINDOWS\SYSTEM32\cfgmgr32.dll
0x00007ff9ec610000 - 0x00007ff9ec636000 	C:\WINDOWS\SYSTEM32\DEVOBJ.dll
0x0000000060e90000 - 0x0000000060e9f000 	C:\Program Files\Java\jdk1.8.0_40\jre\bin\verify.dll
0x000000005fcc0000 - 0x000000005fce9000 	C:\Program Files\Java\jdk1.8.0_40\jre\bin\java.dll
0x0000000060320000 - 0x0000000060336000 	C:\Program Files\Java\jdk1.8.0_40\jre\bin\zip.dll
0x00000000601c0000 - 0x00000000601da000 	C:\Program Files\Java\jdk1.8.0_40\jre\bin\net.dll
0x00007ff9ed0c0000 - 0x00007ff9ed118000 	C:\WINDOWS\system32\mswsock.dll
0x000000005fb00000 - 0x000000005fc98000 	C:\Program Files\Java\jdk1.8.0_40\jre\bin\awt.dll
0x00007ff9eea70000 - 0x00007ff9eeb31000 	C:\WINDOWS\system32\OLEAUT32.dll

VM Arguments:
java_command: jenkins.maven3.agent.Maven32Main C:\apache-maven-3.2.5 C:\Users\I310911\perforce\testWRKSPC\testPlugin\viewer\target\work\webapp\WEB-INF\lib\remoting-2.47.jar C:\Users\I310911\perforce\testWRKSPC\testPlugin\viewer\.\work\plugins\maven-plugin\WEB-INF\lib\maven32-interceptor-1.6.jar C:\Users\I310911\perforce\testWRKSPC\testPlugin\viewer\.\work\plugins\maven-plugin\WEB-INF\lib\maven3-interceptor-commons-1.6.jar 52504
java_class_path (initial): C:\Users\I310911\perforce\testWRKSPC\testPlugin\viewer\.\work\plugins\maven-plugin\WEB-INF\lib\maven32-agent-1.6.jar;C:\apache-maven-3.2.5\boot\plexus-classworlds-2.5.2.jar;C:\apache-maven-3.2.5/conf/logging
Launcher Type: SUN_STANDARD

Environment Variables:
JAVA_HOME=C:\Program Files\Java\jdk1.8.0_40
PATH=C:\apache-maven-3.2.5/bin;C:\Program Files\Java\jdk1.8.0_40/bin;C:\Program Files\Java\jdk1.8.0_40/bin;C:\ProgramData\Oracle\Java\javapath;C:\Program Files\Java\jdk1.8.0_40\bin;C:\WINDOWS\system32;C:\WINDOWS;C:\WINDOWS\System32\Wbem;C:\WINDOWS\System32\WindowsPowerShell\v1.0\;C:\Windows\CCM;C:\Program Files\Perforce;C:\Strawberry\c\bin;C:\Strawberry\perl\site\bin;C:\Strawberry\perl\bin;C:\apache-maven-3.2.5\bin;C:\WINDOWS\System32\WindowsPowerShell\v1.0;C:\WINDOWS\System32\WindowsPowerShell\v1.0;C:\WINDOWS\System32\WindowsPowerShell\v1.0;C:\WINDOWS\System32\WindowsPowerShell\v1.0;C:\Program Files\Microsoft SQL Server\110\Tools\Binn\;C:\Program Files\Microsoft SQL Server\120\Tools\Binn\;C:\Program Files (x86)\Windows Kits\8.1\Windows Performance Toolkit\;C:\Program Files (x86)\Microsoft SDKs\TypeScript\1.0\;C:\Program Files\TortoiseSVN\bin;C:\Program Files (x86)\VisualSVN\bin;C:\Program Files (x86)\Git\cmd;C:\Program Files (x86)\OpenSSH\bin;C:\WINDOWS\System32\WindowsPowerShell\v1.0;C:\Program Files (x86)\Skype\Phone\;C:\WINDOWS\System32\WindowsPowerShell\v1.0;C:\WINDOWS\System32\WindowsPowerShell\v1.0;C:\WINDOWS\System32\WindowsPowerShell\v1.0
USERNAME=I310911
OS=Windows_NT
PROCESSOR_IDENTIFIER=Intel64 Family 6 Model 60 Stepping 3, GenuineIntel



---------------  S Y S T E M  ---------------

OS: Windows 8.1 , 64 bit Build 9600 (6.3.9600.17056)

CPU:total 4 (2 cores per cpu, 2 threads per core) family 6 model 60 stepping 3, cmov, cx8, fxsr, mmx, sse, sse2, sse3, ssse3, sse4.1, sse4.2, popcnt, avx, avx2, aes, clmul, erms, lzcnt, ht, tsc, tscinvbit, bmi1, bmi2

Memory: 4k page, physical 8065956k(304012k free), swap 8687940k(5160k free)

vm_info: Java HotSpot(TM) 64-Bit Server VM (25.40-b25) for windows-amd64 JRE (1.8.0_40-b25), built on Feb 10 2015 21:53:57 by "java_re" with MS VC++ 10.0 (VS2010)

time: Tue Jul 28 17:48:02 2015
elapsed time: 2 seconds (0d 0h 0m 2s)

